2018-02-18 14:45:18 INFO  ExecuteService:31 - {"mobileNumber":"92511830","pin":"1234","token":"97145","errorCode":"9000","errorMessage":"Success"}
2018-02-18 14:45:18 INFO  ExecuteService:45 - ResponseData = {"mobileNumber":"92511830","pin":"1234","token":"97145","errorCode":"9000","errorMessage":"Success"}
2018-02-18 14:45:19 INFO  ExecuteService:31 - {"mobileNumber":"","pin":"1234","token":null,"errorCode":"9002","errorMessage":"mobile Number not valid"}
2018-02-18 14:45:19 INFO  ExecuteService:45 - ResponseData = {"mobileNumber":"","pin":"1234","token":null,"errorCode":"9002","errorMessage":"mobile Number not valid"}
2018-02-18 14:45:19 INFO  ExecuteService:31 - {"mobileNumber":"92511830","pin":"1234","token":"309810","errorCode":"9000","errorMessage":"Success"}
2018-02-18 14:45:19 INFO  ExecuteService:45 - ResponseData = {"mobileNumber":"92511830","pin":"1234","token":"309810","errorCode":"9000","errorMessage":"Success"}
2018-02-18 14:45:19 INFO  ExecuteService:31 - {"senderMobileNumber":"92511830","rxerMobileNumber":"92511831","amount":"100","errorCode":"9000","errorMessage":"Success","txnID":"57120018","token":"309810"}
2018-02-18 14:45:19 INFO  ExecuteService:45 - ResponseData = {"senderMobileNumber":"92511830","rxerMobileNumber":"92511831","amount":"100","errorCode":"9000","errorMessage":"Success","txnID":"57120018","token":"309810"}
2018-02-18 14:45:19 INFO  ExecuteService:31 - {"mobileNumber":"","pin":"1234","token":null,"errorCode":"9002","errorMessage":"mobile Number not valid"}
2018-02-18 14:45:19 INFO  ExecuteService:45 - ResponseData = {"mobileNumber":"","pin":"1234","token":null,"errorCode":"9002","errorMessage":"mobile Number not valid"}
2018-02-18 14:45:19 INFO  ExecuteService:31 - {"mobileNumber":"92511830","pin":"1234","token":"8201","errorCode":"9000","errorMessage":"Success"}
2018-02-18 14:45:19 INFO  ExecuteService:45 - ResponseData = {"mobileNumber":"92511830","pin":"1234","token":"8201","errorCode":"9000","errorMessage":"Success"}
2018-02-18 14:45:19 INFO  ExecuteService:31 - {"senderMobileNumber":"92511830","rxerMobileNumber":"","amount":"100","errorCode":"9002","errorMessage":"rxer Number can not be null","txnID":null,"token":"8201"}
2018-02-18 14:45:19 INFO  ExecuteService:45 - ResponseData = {"senderMobileNumber":"92511830","rxerMobileNumber":"","amount":"100","errorCode":"9002","errorMessage":"rxer Number can not be null","txnID":null,"token":"8201"}
2018-02-18 14:45:19 INFO  ExecuteService:31 - {"mobileNumber":"92511830","pin":"92511831","token":"165281","errorCode":"9000","errorMessage":"Success"}
2018-02-18 14:45:19 INFO  ExecuteService:45 - ResponseData = {"mobileNumber":"92511830","pin":"92511831","token":"165281","errorCode":"9000","errorMessage":"Success"}
2018-02-18 14:45:19 INFO  ExecuteService:31 - {"senderMobileNumber":"92511830","rxerMobileNumber":"1234","amount":"","errorCode":"9003","errorMessage":"amount can not be null","txnID":null,"token":"165281"}
2018-02-18 14:45:19 INFO  ExecuteService:45 - ResponseData = {"senderMobileNumber":"92511830","rxerMobileNumber":"1234","amount":"","errorCode":"9003","errorMessage":"amount can not be null","txnID":null,"token":"165281"}
2018-02-18 14:45:19 INFO  ExecuteService:31 - {"mobileNumber":"92511830","pin":"92511831","token":"672694","errorCode":"9000","errorMessage":"Success"}
2018-02-18 14:45:19 INFO  ExecuteService:45 - ResponseData = {"mobileNumber":"92511830","pin":"92511831","token":"672694","errorCode":"9000","errorMessage":"Success"}
2018-02-18 14:45:19 INFO  ExecuteService:31 - {"senderMobileNumber":"92511830","rxerMobileNumber":"1234","amount":"100","errorCode":"9000","errorMessage":"Success","txnID":"21638502","token":"672694"}
2018-02-18 14:45:19 INFO  ExecuteService:45 - ResponseData = {"senderMobileNumber":"92511830","rxerMobileNumber":"1234","amount":"100","errorCode":"9000","errorMessage":"Success","txnID":"21638502","token":"672694"}
2018-02-18 14:45:29 INFO  ExecuteService:31 - {"mobileNumber":"92511830","pin":"1234","token":"550379","errorCode":"9000","errorMessage":"Success"}
2018-02-18 14:45:29 INFO  ExecuteService:45 - ResponseData = {"mobileNumber":"92511830","pin":"1234","token":"550379","errorCode":"9000","errorMessage":"Success"}
2018-02-18 14:45:30 INFO  ExecuteService:31 - {"mobileNumber":"","pin":"1234","token":null,"errorCode":"9002","errorMessage":"mobile Number not valid"}
2018-02-18 14:45:30 INFO  ExecuteService:45 - ResponseData = {"mobileNumber":"","pin":"1234","token":null,"errorCode":"9002","errorMessage":"mobile Number not valid"}
2018-02-18 14:45:30 INFO  ExecuteService:31 - {"mobileNumber":"92511830","pin":"1234","token":"998668","errorCode":"9000","errorMessage":"Success"}
2018-02-18 14:45:30 INFO  ExecuteService:45 - ResponseData = {"mobileNumber":"92511830","pin":"1234","token":"998668","errorCode":"9000","errorMessage":"Success"}
2018-02-18 14:45:30 INFO  ExecuteService:31 - {"senderMobileNumber":"92511830","rxerMobileNumber":"92511831","amount":"100","errorCode":"9000","errorMessage":"Success","txnID":"4835245","token":"998668"}
2018-02-18 14:45:30 INFO  ExecuteService:45 - ResponseData = {"senderMobileNumber":"92511830","rxerMobileNumber":"92511831","amount":"100","errorCode":"9000","errorMessage":"Success","txnID":"4835245","token":"998668"}
2018-02-18 14:45:30 INFO  ExecuteService:31 - {"mobileNumber":"","pin":"1234","token":null,"errorCode":"9002","errorMessage":"mobile Number not valid"}
2018-02-18 14:45:30 INFO  ExecuteService:45 - ResponseData = {"mobileNumber":"","pin":"1234","token":null,"errorCode":"9002","errorMessage":"mobile Number not valid"}
2018-02-18 14:45:30 INFO  ExecuteService:31 - {"mobileNumber":"92511830","pin":"1234","token":"836290","errorCode":"9000","errorMessage":"Success"}
2018-02-18 14:45:30 INFO  ExecuteService:45 - ResponseData = {"mobileNumber":"92511830","pin":"1234","token":"836290","errorCode":"9000","errorMessage":"Success"}
2018-02-18 14:45:30 INFO  ExecuteService:31 - {"senderMobileNumber":"92511830","rxerMobileNumber":"","amount":"100","errorCode":"9002","errorMessage":"rxer Number can not be null","txnID":null,"token":"836290"}
2018-02-18 14:45:30 INFO  ExecuteService:45 - ResponseData = {"senderMobileNumber":"92511830","rxerMobileNumber":"","amount":"100","errorCode":"9002","errorMessage":"rxer Number can not be null","txnID":null,"token":"836290"}
2018-02-18 14:45:30 INFO  ExecuteService:31 - {"mobileNumber":"92511830","pin":"92511831","token":"275753","errorCode":"9000","errorMessage":"Success"}
2018-02-18 14:45:30 INFO  ExecuteService:45 - ResponseData = {"mobileNumber":"92511830","pin":"92511831","token":"275753","errorCode":"9000","errorMessage":"Success"}
2018-02-18 14:45:30 INFO  ExecuteService:31 - {"senderMobileNumber":"92511830","rxerMobileNumber":"1234","amount":"","errorCode":"9003","errorMessage":"amount can not be null","txnID":null,"token":"275753"}
2018-02-18 14:45:30 INFO  ExecuteService:45 - ResponseData = {"senderMobileNumber":"92511830","rxerMobileNumber":"1234","amount":"","errorCode":"9003","errorMessage":"amount can not be null","txnID":null,"token":"275753"}
2018-02-18 14:45:30 INFO  ExecuteService:31 - {"mobileNumber":"92511830","pin":"92511831","token":"708127","errorCode":"9000","errorMessage":"Success"}
2018-02-18 14:45:30 INFO  ExecuteService:45 - ResponseData = {"mobileNumber":"92511830","pin":"92511831","token":"708127","errorCode":"9000","errorMessage":"Success"}
2018-02-18 14:45:30 INFO  ExecuteService:31 - {"senderMobileNumber":"92511830","rxerMobileNumber":"1234","amount":"100","errorCode":"9000","errorMessage":"Success","txnID":"76709795","token":"708127"}
2018-02-18 14:45:30 INFO  ExecuteService:45 - ResponseData = {"senderMobileNumber":"92511830","rxerMobileNumber":"1234","amount":"100","errorCode":"9000","errorMessage":"Success","txnID":"76709795","token":"708127"}
